
Currently Loaded Modules:
  1) shared   2) gcc/5.5.0   3) perl/5.28.1   4) python/3.7   5) bowtie2/2.3.4

 

Sat Sep 21 14:55:32 CDT 2019
102779602 reads; of these:
  102779602 (100.00%) were paired; of these:
    102674701 (99.90%) aligned concordantly 0 times
    104901 (0.10%) aligned concordantly exactly 1 time
    0 (0.00%) aligned concordantly >1 times
    ----
    102674701 pairs aligned concordantly 0 times; of these:
      5081 (0.00%) aligned discordantly 1 time
    ----
    102669620 pairs aligned 0 times concordantly or discordantly; of these:
      205339240 mates make up the pairs; of these:
        205336479 (100.00%) aligned 0 times
        2761 (0.00%) aligned exactly 1 time
        0 (0.00%) aligned >1 times
0.11% overall alignment rate

real	6m2.644s
user	45m26.888s
sys	74m2.157s
Sat Sep 21 15:01:34 CDT 2019
