[2019-10-01 14:41:42,036] multiqc                                            [DEBUG  ]  No MultiQC config found: /gpfs/shared/apps_local/python/3.7-9.19/envs/multiqc/lib/python3.6/site-packages/multiqc_config.yaml
[2019-10-01 14:41:42,036] multiqc                                            [DEBUG  ]  No MultiQC config found: /home/roberto.villegasdiaz/.multiqc_config.yaml
[2019-10-01 14:41:42,044] multiqc                                            [DEBUG  ]  No MultiQC config found: multiqc_config.yaml
[2019-10-01 14:41:42,044] multiqc                                            [DEBUG  ]  Command used: /gpfs/shared/apps_local/python/3.7-9.19/envs/multiqc/bin/multiqc -n STAT736_HW5_Roberto_Villegas_Diaz_star_report .
[2019-10-01 14:41:43,460] multiqc                                            [DEBUG  ]  Latest MultiQC version is v1.7
[2019-10-01 14:41:43,460] multiqc                                            [INFO   ]  This is MultiQC v1.7
[2019-10-01 14:41:43,460] multiqc                                            [DEBUG  ]  Command     : /gpfs/shared/apps_local/python/3.7-9.19/envs/multiqc/bin/multiqc -n STAT736_HW5_Roberto_Villegas_Diaz_star_report .
[2019-10-01 14:41:43,460] multiqc                                            [DEBUG  ]  Working dir : /gpfs/scratch/roberto.villegasdiaz/STAT736/homeworks/HW5/STAR
[2019-10-01 14:41:43,460] multiqc                                            [INFO   ]  Template    : default
[2019-10-01 14:41:43,460] multiqc                                            [INFO   ]  Searching '.'
[2019-10-01 14:41:43,461] multiqc                                            [DEBUG  ]  Analysing modules: custom_content, conpair, peddy, methylQA, phantompeakqualtools, qualimap, preseq, quast, qorts, rna_seqc, rsem, rseqc, busco, goleft_indexcov, disambiguate, supernova, deeptools, sargasso, verifybamid, mirtrace, happy, homer, macs2, theta2, snpeff, gatk, htseq, bcftools, featureCounts, dedup, damageprofiler, picard, prokka, samblaster, samtools, bamtools, jellyfish, vcftools, longranger, stacks, bbmap, bismark, biscuit, hicexplorer, hicup, hicpro, salmon, kallisto, slamdunk, star, hisat2, tophat, bowtie2, bowtie1, kat, leehom, adapterRemoval, clipandmerge, cutadapt, flexbar, trimmomatic, skewer, sortmerna, biobloomtools, fastq_screen, afterqc, fastp, fastqc, minionqc, clusterflow, bcl2fastq, interop, flash
[2019-10-01 14:41:43,461] multiqc                                            [DEBUG  ]  Using temporary directory for creating report: /tmp/tmph3btpqik
[2019-10-01 14:41:43,766] multiqc                                            [DEBUG  ]  Ignoring file as matched an ignore pattern: SRR2121775Aligned.sortedByCoord.out.bam
[2019-10-01 14:41:43,923] multiqc                                            [DEBUG  ]  Ignoring file as matched an ignore pattern: SRR2121774Aligned.sortedByCoord.out.bam
[2019-10-01 14:41:47,869] multiqc                                            [DEBUG  ]  Ignoring file as matched an ignore pattern: SRR2121770Aligned.sortedByCoord.out.bam
[2019-10-01 14:41:51,864] multiqc                                            [DEBUG  ]  Ignoring file as matched an ignore pattern: SRR2121788Aligned.sortedByCoord.out.bam
[2019-10-01 14:42:00,972] multiqc                                            [DEBUG  ]  Ignoring file as matched an ignore pattern: SRR2121780Aligned.sortedByCoord.out.bam
[2019-10-01 14:42:00,976] multiqc                                            [DEBUG  ]  Ignoring file as matched an ignore pattern: SRR2121778Aligned.sortedByCoord.out.bam
[2019-10-01 14:42:01,092] multiqc                                            [DEBUG  ]  Ignoring file as matched an ignore pattern: SRR2121770Aligned.sortedByCoord.out.bam.bai
[2019-10-01 14:42:08,710] multiqc                                            [DEBUG  ]  Ignoring file as matched an ignore pattern: SRR2121771Aligned.sortedByCoord.out.bam
[2019-10-01 14:42:12,887] multiqc                                            [DEBUG  ]  Ignoring file as matched an ignore pattern: SRR2121789Aligned.sortedByCoord.out.bam
[2019-10-01 14:42:12,917] multiqc                                            [DEBUG  ]  Ignoring file as matched an ignore pattern: SRR2121779Aligned.sortedByCoord.out.bam
[2019-10-01 14:42:12,919] multiqc                                            [DEBUG  ]  Ignoring file as matched an ignore pattern: SRR2121787Aligned.sortedByCoord.out.bam
[2019-10-01 14:42:16,899] multiqc                                            [DEBUG  ]  Ignoring file as matched an ignore pattern: SRR2121786Aligned.sortedByCoord.out.bam
[2019-10-01 14:42:16,978] multiqc                                            [DEBUG  ]  Ignoring file as matched an ignore pattern: SRR2121781Aligned.sortedByCoord.out.bam
[2019-10-01 14:42:40,265] multiqc                                            [DEBUG  ]  No samples found: custom_content
[2019-10-01 14:42:40,323] multiqc                                            [DEBUG  ]  No samples found: conpair
[2019-10-01 14:42:40,426] multiqc                                            [DEBUG  ]  No samples found: peddy
[2019-10-01 14:42:40,545] multiqc                                            [DEBUG  ]  No samples found: methylQA
[2019-10-01 14:42:40,598] multiqc                                            [DEBUG  ]  No samples found: phantompeakqualtools
[2019-10-01 14:42:40,766] multiqc                                            [DEBUG  ]  No samples found: qualimap
[2019-10-01 14:42:40,832] multiqc                                            [DEBUG  ]  No samples found: preseq
[2019-10-01 14:42:40,890] multiqc                                            [DEBUG  ]  No samples found: quast
[2019-10-01 14:42:40,960] multiqc                                            [DEBUG  ]  No samples found: qorts
[2019-10-01 14:42:41,049] multiqc                                            [DEBUG  ]  No samples found: rna_seqc
[2019-10-01 14:42:41,129] multiqc                                            [DEBUG  ]  No samples found: rsem
[2019-10-01 14:42:41,205] multiqc                                            [DEBUG  ]  No samples found: rseqc
[2019-10-01 14:42:41,285] multiqc                                            [DEBUG  ]  No samples found: busco
[2019-10-01 14:42:41,339] multiqc                                            [DEBUG  ]  No samples found: goleft_indexcov
[2019-10-01 14:42:41,384] multiqc                                            [DEBUG  ]  No samples found: disambiguate
[2019-10-01 14:42:41,485] multiqc                                            [DEBUG  ]  No samples found: supernova
[2019-10-01 14:42:41,575] multiqc                                            [DEBUG  ]  No samples found: deeptools
[2019-10-01 14:42:41,633] multiqc                                            [DEBUG  ]  No samples found: sargasso
[2019-10-01 14:42:41,771] multiqc                                            [DEBUG  ]  No samples found: verifybamid
[2019-10-01 14:42:41,809] multiqc                                            [DEBUG  ]  No samples found: mirtrace
[2019-10-01 14:42:41,845] multiqc                                            [DEBUG  ]  No samples found: happy
[2019-10-01 14:42:41,946] multiqc                                            [DEBUG  ]  No samples found: homer
[2019-10-01 14:42:41,990] multiqc                                            [DEBUG  ]  No samples found: macs2
[2019-10-01 14:42:42,018] multiqc                                            [DEBUG  ]  No samples found: theta2
[2019-10-01 14:42:42,052] multiqc                                            [DEBUG  ]  No samples found: snpeff
[2019-10-01 14:42:42,110] multiqc                                            [DEBUG  ]  No samples found: gatk
[2019-10-01 14:42:42,131] multiqc                                            [DEBUG  ]  No samples found: htseq
[2019-10-01 14:42:42,184] multiqc                                            [DEBUG  ]  No samples found: bcftools
[2019-10-01 14:42:42,191] multiqc                                            [DEBUG  ]  No samples found: featureCounts
[2019-10-01 14:42:42,197] multiqc                                            [DEBUG  ]  No samples found: dedup
[2019-10-01 14:42:42,297] multiqc                                            [DEBUG  ]  No samples found: damageprofiler
[2019-10-01 14:42:42,548] multiqc                                            [DEBUG  ]  No samples found: picard
[2019-10-01 14:42:42,619] multiqc                                            [DEBUG  ]  No samples found: prokka
[2019-10-01 14:42:42,660] multiqc                                            [DEBUG  ]  No samples found: samblaster
[2019-10-01 14:42:42,761] multiqc                                            [DEBUG  ]  No samples found: samtools
[2019-10-01 14:42:42,785] multiqc                                            [DEBUG  ]  No samples found: bamtools
[2019-10-01 14:42:42,799] multiqc                                            [DEBUG  ]  No samples found: jellyfish
[2019-10-01 14:42:42,841] multiqc                                            [DEBUG  ]  No samples found: vcftools
[2019-10-01 14:42:42,909] multiqc                                            [DEBUG  ]  No samples found: longranger
[2019-10-01 14:42:42,983] multiqc                                            [DEBUG  ]  No samples found: stacks
[2019-10-01 14:42:43,039] multiqc                                            [DEBUG  ]  No samples found: bbmap
[2019-10-01 14:42:43,110] multiqc                                            [DEBUG  ]  No samples found: bismark
[2019-10-01 14:42:43,175] multiqc                                            [DEBUG  ]  No samples found: biscuit
[2019-10-01 14:42:43,203] multiqc                                            [DEBUG  ]  No samples found: hicexplorer
[2019-10-01 14:42:43,236] multiqc                                            [DEBUG  ]  No samples found: hicup
[2019-10-01 14:42:43,273] multiqc                                            [DEBUG  ]  No samples found: hicpro
[2019-10-01 14:42:43,303] multiqc                                            [DEBUG  ]  No samples found: salmon
[2019-10-01 14:42:43,310] multiqc                                            [DEBUG  ]  No samples found: kallisto
[2019-10-01 14:42:43,338] multiqc                                            [DEBUG  ]  No samples found: slamdunk
[2019-10-01 14:42:43,544] multiqc.modules.star.star                          [INFO   ]  Found 12 reports
[2019-10-01 14:42:43,600] multiqc                                            [DEBUG  ]  No samples found: hisat2
[2019-10-01 14:42:43,694] multiqc                                            [DEBUG  ]  No samples found: tophat
[2019-10-01 14:42:43,737] multiqc                                            [DEBUG  ]  No samples found: bowtie2
[2019-10-01 14:42:43,875] multiqc                                            [DEBUG  ]  No samples found: bowtie1
[2019-10-01 14:42:43,931] multiqc                                            [DEBUG  ]  No samples found: kat
[2019-10-01 14:42:43,937] multiqc                                            [DEBUG  ]  No samples found: leehom
[2019-10-01 14:42:43,986] multiqc                                            [DEBUG  ]  No samples found: adapterRemoval
[2019-10-01 14:42:44,044] multiqc                                            [DEBUG  ]  No samples found: clipandmerge
[2019-10-01 14:42:44,070] multiqc                                            [DEBUG  ]  No samples found: cutadapt
[2019-10-01 14:42:44,106] multiqc                                            [DEBUG  ]  No samples found: flexbar
[2019-10-01 14:42:44,169] multiqc                                            [DEBUG  ]  No samples found: trimmomatic
[2019-10-01 14:42:44,233] multiqc                                            [DEBUG  ]  No samples found: skewer
[2019-10-01 14:42:44,240] multiqc                                            [DEBUG  ]  No samples found: sortmerna
[2019-10-01 14:42:44,246] multiqc                                            [DEBUG  ]  No samples found: biobloomtools
[2019-10-01 14:42:44,291] multiqc                                            [DEBUG  ]  No samples found: fastq_screen
[2019-10-01 14:42:44,316] multiqc                                            [DEBUG  ]  No samples found: afterqc
[2019-10-01 14:42:44,356] multiqc                                            [DEBUG  ]  No samples found: fastp
[2019-10-01 14:42:44,411] multiqc                                            [DEBUG  ]  No samples found: fastqc
[2019-10-01 14:42:44,483] multiqc                                            [DEBUG  ]  No samples found: minionqc
[2019-10-01 14:42:44,569] multiqc                                            [DEBUG  ]  No samples found: clusterflow
[2019-10-01 14:42:44,600] multiqc                                            [DEBUG  ]  No samples found: bcl2fastq
[2019-10-01 14:42:44,651] multiqc                                            [DEBUG  ]  No samples found: interop
[2019-10-01 14:42:44,680] multiqc                                            [DEBUG  ]  No samples found: flash
[2019-10-01 14:42:44,686] multiqc                                            [INFO   ]  Compressing plot data
[2019-10-01 14:42:44,690] multiqc                                            [INFO   ]  Report      : STAT736_HW5_Roberto_Villegas_Diaz_star_report.html
[2019-10-01 14:42:44,690] multiqc                                            [INFO   ]  Data        : STAT736_HW5_Roberto_Villegas_Diaz_star_report_data
[2019-10-01 14:42:44,692] multiqc                                            [DEBUG  ]  Moving data file from '/tmp/tmph3btpqik/multiqc_data/multiqc_star.txt' to '/gpfs/scratch/roberto.villegasdiaz/STAT736/homeworks/HW5/STAR/STAT736_HW5_Roberto_Villegas_Diaz_star_report_data'
[2019-10-01 14:42:44,693] multiqc                                            [DEBUG  ]  Moving data file from '/tmp/tmph3btpqik/multiqc_data/multiqc_general_stats.txt' to '/gpfs/scratch/roberto.villegasdiaz/STAT736/homeworks/HW5/STAR/STAT736_HW5_Roberto_Villegas_Diaz_star_report_data'
[2019-10-01 14:42:44,694] multiqc                                            [DEBUG  ]  Moving data file from '/tmp/tmph3btpqik/multiqc_data/multiqc_sources.txt' to '/gpfs/scratch/roberto.villegasdiaz/STAT736/homeworks/HW5/STAR/STAT736_HW5_Roberto_Villegas_Diaz_star_report_data'
[2019-10-01 14:42:44,694] multiqc                                            [DEBUG  ]  Moving data file from '/tmp/tmph3btpqik/multiqc_data/multiqc_data.json' to '/gpfs/scratch/roberto.villegasdiaz/STAT736/homeworks/HW5/STAR/STAT736_HW5_Roberto_Villegas_Diaz_star_report_data'
[2019-10-01 14:42:46,169] multiqc                                            [INFO   ]  MultiQC complete
